<?xml version="1.0" ?>
<coverage branch-rate="0.527" branches-covered="1969" branches-valid="3736" complexity="0" line-rate="0.6545" lines-covered="6254" lines-valid="9556" timestamp="1622049229758" version="4.5.4">
	<!-- Generated by coverage.py: https://coverage.readthedocs.io -->
	<!-- Based on https://raw.githubusercontent.com/cobertura/web/master/htdocs/xml/coverage-04.dtd -->
	<sources>
		<source>/home/wakiyamap/counterparty-lib/counterpartylib</source>
	</sources>
	<packages>
		<package branch-rate="0.4118" complexity="0" line-rate="0.5471" name=".">
			<classes>
				<class branch-rate="1" complexity="0" filename="__init__.py" line-rate="1" name="__init__.py">
					<methods/>
					<lines/>
				</class>
				<class branch-rate="0.4118" complexity="0" filename="server.py" line-rate="0.5471" name="server.py">
					<methods/>
					<lines>
						<line hits="1" number="3"/>
						<line hits="1" number="4"/>
						<line hits="1" number="5"/>
						<line hits="1" number="6"/>
						<line hits="1" number="7"/>
						<line hits="1" number="8"/>
						<line hits="1" number="9"/>
						<line hits="1" number="10"/>
						<line hits="1" number="11"/>
						<line hits="1" number="12"/>
						<line hits="1" number="13"/>
						<line hits="1" number="14"/>
						<line hits="1" number="15"/>
						<line hits="1" number="16"/>
						<line hits="1" number="17"/>
						<line hits="1" number="18"/>
						<line hits="1" number="19"/>
						<line hits="1" number="20"/>
						<line hits="1" number="22"/>
						<line hits="1" number="23"/>
						<line hits="1" number="24"/>
						<line hits="1" number="26"/>
						<line hits="1" number="28"/>
						<line hits="1" number="31"/>
						<line hits="1" number="32"/>
						<line hits="1" number="35"/>
						<line branch="true" condition-coverage="0% (0/2)" hits="0" missing-branches="37,38" number="36"/>
						<line hits="0" number="37"/>
						<line branch="true" condition-coverage="0% (0/2)" hits="0" missing-branches="39,41" number="38"/>
						<line hits="0" number="39"/>
						<line hits="0" number="41"/>
						<line hits="0" number="42"/>
						<line branch="true" condition-coverage="0% (0/2)" hits="0" missing-branches="45,48" number="44"/>
						<line hits="0" number="45"/>
						<line hits="0" number="46"/>
						<line hits="0" number="47"/>
						<line hits="0" number="48"/>
						<line hits="0" number="49"/>
						<line hits="0" number="50"/>
						<line hits="1" number="51"/>
						<line hits="1" number="52"/>
						<line hits="1" number="56"/>
						<line hits="1" number="57"/>
						<line hits="1" number="58"/>
						<line hits="1" number="59"/>
						<line branch="true" condition-coverage="50% (1/2)" hits="1" missing-branches="64" number="62"/>
						<line hits="0" number="64"/>
						<line hits="0" number="65"/>
						<line hits="0" number="66"/>
						<line hits="1" number="68"/>
						<line hits="1" number="69"/>
						<line hits="1" number="70"/>
						<line hits="1" number="72"/>
						<line hits="1" number="73"/>
						<line hits="1" number="74"/>
						<line hits="0" number="75"/>
						<line hits="0" number="76"/>
						<line hits="1" number="77"/>
						<line hits="1" number="80"/>
						<line hits="1" number="81"/>
						<line hits="1" number="82"/>
						<line hits="1" number="85"/>
						<line hits="1" number="107"/>
						<line branch="true" condition-coverage="50% (1/2)" hits="1" missing-branches="109" number="108"/>
						<line hits="0" number="109"/>
						<line branch="true" condition-coverage="100% (2/2)" hits="1" number="112"/>
						<line hits="1" number="113"/>
						<line hits="1" number="115"/>
						<line branch="true" condition-coverage="50% (1/2)" hits="1" missing-branches="119" number="118"/>
						<line hits="0" number="119"/>
						<line hits="1" number="121"/>
						<line branch="true" condition-coverage="50% (1/2)" hits="1" missing-branches="125" number="124"/>
						<line hits="0" number="125"/>
						<line hits="1" number="127"/>
						<line branch="true" condition-coverage="50% (1/2)" hits="1" missing-branches="130" number="129"/>
						<line hits="0" number="130"/>
						<line hits="0" number="131"/>
						<line hits="1" number="133"/>
						<line branch="true" condition-coverage="100% (2/2)" hits="1" number="135"/>
						<line hits="1" number="136"/>
						<line branch="true" condition-coverage="50% (1/2)" hits="1" missing-branches="138" number="137"/>
						<line hits="0" number="138"/>
						<line hits="1" number="140"/>
						<line hits="1" number="142"/>
						<line branch="true" condition-coverage="100% (2/2)" hits="1" number="143"/>
						<line hits="1" number="144"/>
						<line branch="true" condition-coverage="50% (1/2)" hits="1" missing-branches="146" number="145"/>
						<line hits="0" number="146"/>
						<line branch="true" condition-coverage="50% (1/2)" hits="1" missing-branches="148" number="147"/>
						<line hits="0" number="148"/>
						<line hits="1" number="151"/>
						<line branch="true" condition-coverage="50% (1/2)" hits="1" missing-branches="157" number="154"/>
						<line hits="1" number="155"/>
						<line hits="0" number="157"/>
						<line hits="0" number="158"/>
						<line hits="1" number="161"/>
						<line branch="true" condition-coverage="50% (1/2)" hits="1" missing-branches="163" number="162"/>
						<line hits="0" number="163"/>
						<line branch="true" condition-coverage="50% (1/2)" hits="1" missing-branches="167" number="166"/>
						<line hits="0" number="167"/>
						<line branch="true" condition-coverage="50% (1/2)" hits="1" missing-branches="172" number="168"/>
						<line hits="1" number="169"/>
						<line hits="1" number="170"/>
						<line hits="0" number="172"/>
						<line hits="1" number="175"/>
						<line branch="true" condition-coverage="50% (1/2)" hits="1" missing-branches="179" number="176"/>
						<line hits="1" number="177"/>
						<line branch="true" condition-coverage="50% (1/2)" hits="1" missing-branches="180" number="179"/>
						<line hits="0" number="180"/>
						<line branch="true" condition-coverage="50% (1/2)" hits="1" missing-branches="185" number="181"/>
						<line hits="1" number="182"/>
						<line hits="1" number="183"/>
						<line hits="0" number="185"/>
						<line branch="true" condition-coverage="50% (1/2)" hits="1" missing-branches="190" number="186"/>
						<line hits="1" number="187"/>
						<line hits="1" number="190"/>
						<line hits="0" number="191"/>
						<line hits="1" number="192"/>
						<line hits="1" number="194"/>
						<line hits="1" number="200"/>
						<line branch="true" condition-coverage="50% (1/2)" hits="1" missing-branches="204" number="203"/>
						<line hits="0" number="204"/>
						<line hits="1" number="206"/>
						<line branch="true" condition-coverage="50% (1/2)" hits="1" missing-branches="212" number="209"/>
						<line hits="1" number="210"/>
						<line branch="true" condition-coverage="0% (0/2)" hits="0" missing-branches="213,214" number="212"/>
						<line hits="0" number="213"/>
						<line branch="true" condition-coverage="0% (0/2)" hits="0" missing-branches="215,217" number="214"/>
						<line hits="0" number="215"/>
						<line hits="0" number="217"/>
						<line hits="1" number="219"/>
						<line hits="1" number="220"/>
						<line branch="true" condition-coverage="50% (1/2)" hits="1" missing-branches="222" number="221"/>
						<line hits="0" number="222"/>
						<line hits="0" number="223"/>
						<line hits="0" number="224"/>
						<line branch="true" condition-coverage="50% (1/2)" hits="1" missing-branches="228" number="227"/>
						<line hits="0" number="228"/>
						<line hits="1" number="230"/>
						<line branch="true" condition-coverage="50% (1/2)" hits="1" missing-branches="236" number="233"/>
						<line hits="1" number="234"/>
						<line hits="0" number="236"/>
						<line branch="true" condition-coverage="50% (1/2)" hits="1" missing-branches="240" number="239"/>
						<line hits="0" number="240"/>
						<line hits="1" number="242"/>
						<line branch="true" condition-coverage="50% (1/2)" hits="1" missing-branches="246" number="245"/>
						<line hits="0" number="246"/>
						<line hits="0" number="247"/>
						<line branch="true" condition-coverage="50% (1/2)" hits="1" missing-branches="252" number="249"/>
						<line hits="1" number="250"/>
						<line hits="0" number="252"/>
						<line branch="true" condition-coverage="50% (1/2)" hits="1" missing-branches="256" number="255"/>
						<line hits="0" number="256"/>
						<line hits="1" number="258"/>
						<line hits="1" number="261"/>
						<line branch="true" condition-coverage="50% (1/2)" hits="1" missing-branches="263" number="262"/>
						<line hits="0" number="263"/>
						<line hits="1" number="265"/>
						<line branch="true" condition-coverage="50% (1/2)" hits="1" missing-branches="270" number="269"/>
						<line hits="0" number="270"/>
						<line hits="1" number="272"/>
						<line branch="true" condition-coverage="50% (1/2)" hits="1" missing-branches="276" number="275"/>
						<line hits="0" number="276"/>
						<line branch="true" condition-coverage="100% (2/2)" hits="1" number="278"/>
						<line hits="1" number="279"/>
						<line branch="true" condition-coverage="50% (1/2)" hits="1" missing-branches="281" number="280"/>
						<line hits="0" number="281"/>
						<line hits="1" number="283"/>
						<line hits="1" number="285"/>
						<line hits="1" number="286"/>
						<line branch="true" condition-coverage="50% (1/2)" hits="1" missing-branches="288" number="287"/>
						<line hits="0" number="288"/>
						<line hits="0" number="289"/>
						<line hits="0" number="290"/>
						<line hits="1" number="293"/>
						<line branch="true" condition-coverage="50% (1/2)" hits="1" missing-branches="301" number="300"/>
						<line hits="0" number="301"/>
						<line hits="1" number="303"/>
						<line hits="1" number="306"/>
						<line branch="true" condition-coverage="50% (1/2)" hits="1" missing-branches="312" number="309"/>
						<line hits="1" number="310"/>
						<line branch="true" condition-coverage="0% (0/2)" hits="0" missing-branches="313,317" number="312"/>
						<line branch="true" condition-coverage="0% (0/2)" hits="0" missing-branches="314,316" number="313"/>
						<line hits="0" number="314"/>
						<line hits="0" number="316"/>
						<line branch="true" condition-coverage="0% (0/2)" hits="0" missing-branches="318,323" number="317"/>
						<line branch="true" condition-coverage="0% (0/2)" hits="0" missing-branches="319,321" number="318"/>
						<line hits="0" number="319"/>
						<line hits="0" number="321"/>
						<line branch="true" condition-coverage="0% (0/2)" hits="0" missing-branches="324,326" number="323"/>
						<line hits="0" number="324"/>
						<line hits="0" number="326"/>
						<line hits="1" number="327"/>
						<line hits="1" number="328"/>
						<line branch="true" condition-coverage="50% (1/2)" hits="1" missing-branches="330" number="329"/>
						<line hits="0" number="330"/>
						<line hits="0" number="331"/>
						<line hits="0" number="332"/>
						<line branch="true" condition-coverage="50% (1/2)" hits="1" missing-branches="336" number="335"/>
						<line hits="0" number="336"/>
						<line hits="1" number="338"/>
						<line hits="1" number="340"/>
						<line branch="true" condition-coverage="50% (1/2)" hits="1" missing-branches="344" number="343"/>
						<line hits="0" number="344"/>
						<line hits="0" number="345"/>
						<line branch="true" condition-coverage="50% (1/2)" hits="1" missing-branches="348" number="347"/>
						<line hits="0" number="348"/>
						<line hits="1" number="350"/>
						<line hits="1" number="352"/>
						<line branch="true" condition-coverage="50% (1/2)" hits="1" missing-branches="359" number="358"/>
						<line hits="0" number="359"/>
						<line hits="1" number="361"/>
						<line branch="true" condition-coverage="50% (1/2)" hits="1" missing-branches="365" number="364"/>
						<line hits="0" number="365"/>
						<line hits="1" number="367"/>
						<line branch="true" condition-coverage="100% (2/2)" hits="1" number="370"/>
						<line hits="1" number="371"/>
						<line branch="true" condition-coverage="50% (1/2)" hits="1" missing-branches="373" number="372"/>
						<line hits="0" number="373"/>
						<line hits="0" number="374"/>
						<line hits="0" number="375"/>
						<line hits="0" number="376"/>
						<line hits="0" number="377"/>
						<line hits="0" number="378"/>
						<line hits="0" number="379"/>
						<line hits="1" number="381"/>
						<line hits="1" number="382"/>
						<line hits="1" number="383"/>
						<line hits="1" number="384"/>
						<line hits="1" number="385"/>
						<line hits="1" number="386"/>
						<line hits="1" number="387"/>
						<line branch="true" condition-coverage="50% (1/2)" hits="1" missing-branches="389" number="388"/>
						<line hits="0" number="389"/>
						<line branch="true" condition-coverage="0% (0/2)" hits="0" missing-branches="392,401" number="391"/>
						<line hits="0" number="392"/>
						<line hits="0" number="393"/>
						<line hits="0" number="394"/>
						<line hits="0" number="395"/>
						<line hits="0" number="396"/>
						<line hits="0" number="397"/>
						<line hits="0" number="398"/>
						<line hits="0" number="399"/>
						<line hits="0" number="401"/>
						<line branch="true" condition-coverage="50% (1/2)" hits="1" missing-branches="403" number="402"/>
						<line hits="0" number="403"/>
						<line branch="true" condition-coverage="0% (0/2)" hits="0" missing-branches="405,413" number="404"/>
						<line hits="0" number="405"/>
						<line hits="0" number="406"/>
						<line hits="0" number="407"/>
						<line hits="0" number="408"/>
						<line hits="0" number="409"/>
						<line hits="0" number="410"/>
						<line hits="0" number="411"/>
						<line hits="0" number="413"/>
						<line hits="0" number="414"/>
						<line hits="0" number="415"/>
						<line hits="0" number="416"/>
						<line hits="0" number="417"/>
						<line hits="0" number="418"/>
						<line hits="0" number="419"/>
						<line hits="1" number="421"/>
						<line branch="true" condition-coverage="50% (1/2)" hits="1" missing-branches="423" number="422"/>
						<line hits="0" number="423"/>
						<line hits="0" number="424"/>
						<line hits="0" number="425"/>
						<line hits="0" number="426"/>
						<line hits="0" number="427"/>
						<line hits="0" number="428"/>
						<line hits="0" number="429"/>
						<line hits="1" number="431"/>
						<line hits="1" number="432"/>
						<line hits="1" number="433"/>
						<line hits="1" number="434"/>
						<line hits="1" number="435"/>
						<line hits="1" number="436"/>
						<line hits="1" number="437"/>
						<line hits="1" number="440"/>
						<line hits="1" number="441"/>
						<line hits="1" number="442"/>
						<line hits="1" number="443"/>
						<line hits="1" number="444"/>
						<line branch="true" condition-coverage="50% (1/2)" hits="1" missing-branches="449" number="446"/>
						<line hits="1" number="447"/>
						<line hits="1" number="449"/>
						<line hits="1" number="453"/>
						<line branch="true" condition-coverage="50% (1/2)" hits="1" missing-branches="455" number="454"/>
						<line hits="0" number="455"/>
						<line branch="true" condition-coverage="50% (1/2)" hits="1" missing-branches="462" number="458"/>
						<line hits="1" number="459"/>
						<line hits="1" number="462"/>
						<line hits="1" number="463"/>
						<line hits="1" number="465"/>
						<line hits="1" number="467"/>
						<line hits="1" number="470"/>
						<line branch="true" condition-coverage="0% (0/2)" hits="0" missing-branches="exit,472" number="471"/>
						<line hits="0" number="472"/>
						<line hits="0" number="473"/>
						<line hits="1" number="476"/>
						<line branch="true" condition-coverage="0% (0/2)" hits="0" missing-branches="479,480" number="478"/>
						<line hits="0" number="479"/>
						<line branch="true" condition-coverage="0% (0/2)" hits="0" missing-branches="481,483" number="480"/>
						<line hits="0" number="481"/>
						<line hits="0" number="483"/>
						<line hits="0" number="484"/>
						<line hits="1" number="486"/>
						<line hits="0" number="487"/>
						<line hits="0" number="490"/>
						<line hits="0" number="493"/>
						<line hits="0" number="494"/>
						<line hits="0" number="495"/>
						<line hits="0" number="498"/>
						<line hits="0" number="499"/>
						<line hits="0" number="500"/>
						<line hits="0" number="503"/>
						<line hits="1" number="506"/>
						<line hits="0" number="507"/>
						<line hits="0" number="509"/>
						<line hits="0" number="510"/>
						<line hits="1" number="512"/>
						<line hits="0" number="513"/>
						<line hits="0" number="515"/>
						<line hits="1" number="518"/>
						<line hits="0" number="519"/>
						<line hits="1" number="522"/>
						<line hits="0" number="523"/>
						<line branch="true" condition-coverage="0% (0/2)" hits="0" missing-branches="525,528" number="524"/>
						<line branch="true" condition-coverage="0% (0/2)" hits="0" missing-branches="524,526" number="525"/>
						<line hits="0" number="526"/>
						<line hits="0" number="528"/>
						<line hits="1" number="531"/>
						<line hits="0" number="532"/>
						<line hits="0" number="533"/>
						<line hits="0" number="534"/>
						<line hits="0" number="535"/>
						<line hits="1" number="538"/>
						<line branch="true" condition-coverage="50% (1/2)" hits="1" missing-branches="544" number="540"/>
						<line hits="1" number="541"/>
						<line hits="1" number="542"/>
						<line hits="0" number="544"/>
					</lines>
				</class>
			</classes>
		</package>
		<package branch-rate="0.5246" complexity="0" line-rate="0.6219" name="lib">
			<classes>
				<class branch-rate="1" complexity="0" filename="lib/__init__.py" line-rate="1" name="__init__.py">
					<methods/>
					<lines/>
				</class>
				<class branch-rate="0.25" complexity="0" filename="lib/address.py" line-rate="0.5897" name="address.py">
					<methods/>
					<lines>
						<line hits="1" number="1"/>
						<line hits="1" number="2"/>
						<line hits="1" number="3"/>
						<line hits="1" number="5"/>
						<line hits="1" number="7"/>
						<line hits="1" number="11"/>
						<line branch="true" condition-coverage="50% (1/2)" hits="1" missing-branches="35" number="13"/>
						<line hits="1" number="14"/>
						<line hits="1" number="15"/>
						<line hits="0" number="16"/>
						<line hits="0" number="17"/>
						<line branch="true" condition-coverage="0% (0/2)" hits="0" missing-branches="19,20" number="18"/>
						<line hits="0" number="19"/>
						<line branch="true" condition-coverage="0% (0/2)" hits="0" missing-branches="21,22" number="20"/>
						<line hits="0" number="21"/>
						<line branch="true" condition-coverage="0% (0/2)" hits="0" missing-branches="23,24" number="22"/>
						<line hits="0" number="23"/>
						<line branch="true" condition-coverage="0% (0/2)" hits="0" missing-branches="25,27" number="24"/>
						<line hits="0" number="25"/>
						<line hits="0" number="27"/>
						<line hits="1" number="28"/>
						<line hits="1" number="29"/>
						<line hits="1" number="30"/>
						<line hits="1" number="31"/>
						<line hits="1" number="32"/>
						<line hits="1" number="33"/>
						<line hits="0" number="35"/>
						<line hits="0" number="36"/>
						<line hits="0" number="37"/>
						<line hits="0" number="38"/>
						<line hits="0" number="39"/>
						<line hits="1" number="42"/>
						<line hits="1" number="46"/>
						<line branch="true" condition-coverage="100% (2/2)" hits="1" number="48"/>
						<line hits="1" number="50"/>
						<line hits="1" number="51"/>
						<line hits="1" number="52"/>
						<line hits="1" number="54"/>
						<line hits="1" number="55"/>
					</lines>
				</class>
				<class branch-rate="0.4068" complexity="0" filename="lib/api.py" line-rate="0.4859" name="api.py">
					<methods/>
					<lines>
						<line hits="1" number="3"/>
						<line hits="1" number="8"/>
						<line hits="1" number="9"/>
						<line hits="1" number="10"/>
						<line hits="1" number="11"/>
						<line hits="1" number="12"/>
						<line hits="1" number="13"/>
						<line hits="1" number="14"/>
						<line hits="1" number="15"/>
						<line hits="1" number="16"/>
						<line hits="1" number="17"/>
						<line hits="1" number="18"/>
						<line hits="1" number="19"/>
						<line hits="1" number="20"/>
						<line hits="1" number="21"/>
						<line hits="1" number="22"/>
						<line hits="1" number="24"/>
						<line hits="1" number="25"/>
						<line hits="1" number="26"/>
						<line hits="1" number="27"/>
						<line hits="1" number="28"/>
						<line hits="1" number="29"/>
						<line hits="1" number="30"/>
						<line hits="1" number="31"/>
						<line hits="1" number="32"/>
						<line hits="1" number="33"/>
						<line hits="1" number="34"/>
						<line hits="1" number="36"/>
						<line hits="1" number="37"/>
						<line hits="1" number="38"/>
						<line hits="1" number="39"/>
						<line hits="1" number="40"/>
						<line hits="1" number="41"/>
						<line hits="1" number="42"/>
						<line hits="1" number="43"/>
						<line hits="1" number="44"/>
						<line hits="1" number="45"/>
						<line hits="1" number="46"/>
						<line hits="1" number="47"/>
						<line hits="1" number="48"/>
						<line hits="1" number="49"/>
						<line hits="1" number="50"/>
						<line hits="1" number="51"/>
						<line hits="1" number="52"/>
						<line hits="1" number="53"/>
						<line hits="1" number="54"/>
						<line hits="1" number="55"/>
						<line hits="1" number="56"/>
						<line hits="1" number="57"/>
						<line hits="1" number="58"/>
						<line hits="1" number="59"/>
						<line hits="1" number="60"/>
						<line hits="1" number="62"/>
						<line hits="1" number="71"/>
						<line hits="1" number="75"/>
						<line hits="1" number="82"/>
						<line hits="1" number="83"/>
						<line hits="1" number="84"/>
						<line hits="1" number="86"/>
						<line hits="1" number="87"/>
						<line hits="1" number="89"/>
						<line hits="1" number="90"/>
						<line hits="1" number="93"/>
						<line hits="1" number="94"/>
						<line hits="1" number="95"/>
						<line hits="0" number="97"/>
						<line hits="0" number="98"/>
						<line hits="0" number="99"/>
						<line hits="0" number="100"/>
						<line branch="true" condition-coverage="0% (0/2)" hits="0" missing-branches="102,105" number="101"/>
						<line hits="0" number="102"/>
						<line hits="0" number="105"/>
						<line branch="true" condition-coverage="0% (0/2)" hits="0" missing-branches="107,109" number="106"/>
						<line hits="0" number="107"/>
						<line hits="0" number="109"/>
						<line hits="1" number="111"/>
						<line hits="1" number="112"/>
						<line hits="1" number="113"/>
						<line branch="true" condition-coverage="0% (0/2)" hits="0" missing-branches="116,117" number="115"/>
						<line hits="0" number="116"/>
						<line hits="0" number="117"/>
						<line hits="0" number="118"/>
						<line hits="1" number="122"/>
						<line hits="1" number="124"/>
						<line hits="1" number="127"/>
						<line branch="true" condition-coverage="100% (2/2)" hits="1" number="128"/>
						<line branch="true" condition-coverage="66% (2/3)" hits="1" missing-branches="130" number="129"/>
						<line hits="0" number="130"/>
						<line branch="true" condition-coverage="50% (1/2)" hits="1" missing-branches="133" number="132"/>
						<line hits="0" number="133"/>
						<line branch="true" condition-coverage="0% (0/2)" hits="0" missing-branches="135,136" number="134"/>
						<line hits="0" number="135"/>
						<line hits="0" number="136"/>
						<line hits="1" number="138"/>
						<line hits="1" number="139"/>
						<line hits="1" number="140"/>
						<line hits="1" number="142"/>
						<line branch="true" condition-coverage="100% (2/2)" hits="1" number="146"/>
						<line hits="1" number="147"/>
						<line hits="1" number="149"/>
						<line branch="true" condition-coverage="50% (1/2)" hits="1" missing-branches="152" number="151"/>
						<line branch="true" condition-coverage="0% (0/2)" hits="0" missing-branches="exit,exit" number="152"/>
						<line hits="1" number="154"/>
						<line branch="true" condition-coverage="100% (2/2)" hits="1" number="157"/>
						<line hits="1" number="158"/>
						<line branch="true" condition-coverage="100% (2/2)" hits="1" number="159"/>
						<line hits="1" number="160"/>
						<line branch="true" condition-coverage="100% (2/2)" hits="1" number="161"/>
						<line hits="1" number="162"/>
						<line branch="true" condition-coverage="100% (2/2)" hits="1" number="163"/>
						<line hits="1" number="164"/>
						<line branch="true" condition-coverage="100% (2/2)" hits="1" number="165"/>
						<line hits="1" number="166"/>
						<line branch="true" condition-coverage="50% (1/2)" hits="1" missing-branches="168" number="167"/>
						<line hits="0" number="168"/>
						<line branch="true" condition-coverage="100% (2/2)" hits="1" number="169"/>
						<line hits="1" number="170"/>
						<line branch="true" condition-coverage="100% (2/2)" hits="1" number="172"/>
						<line hits="1" number="173"/>
						<line branch="true" condition-coverage="100% (2/2)" hits="1" number="175"/>
						<line hits="1" number="176"/>
						<line branch="true" condition-coverage="50% (1/2)" hits="1" missing-branches="178" number="177"/>
						<line hits="0" number="178"/>
						<line hits="1" number="181"/>
						<line branch="true" condition-coverage="100% (2/2)" hits="1" number="182"/>
						<line branch="true" condition-coverage="50% (1/2)" hits="1" missing-branches="184" number="183"/>
						<line hits="0" number="184"/>
						<line branch="true" condition-coverage="0% (0/2)" hits="0" missing-branches="186,187" number="185"/>
						<line hits="0" number="186"/>
						<line hits="0" number="187"/>
						<line branch="true" condition-coverage="100% (2/2)" hits="1" number="188"/>
						<line hits="1" number="189"/>
						<line hits="1" number="191"/>
						<line hits="1" number="192"/>
						<line branch="true" condition-coverage="100% (2/2)" hits="1" number="195"/>
						<line branch="true" condition-coverage="100% (2/2)" hits="1" number="196"/>
						<line branch="true" condition-coverage="100% (2/2)" hits="1" number="197"/>
						<line hits="1" number="198"/>
						<line branch="true" condition-coverage="100% (2/2)" hits="1" number="199"/>
						<line hits="1" number="200"/>
						<line branch="true" condition-coverage="100% (2/2)" hits="1" number="201"/>
						<line hits="1" number="202"/>
						<line branch="true" condition-coverage="100% (2/2)" hits="1" number="203"/>
						<line hits="1" number="204"/>
						<line branch="true" condition-coverage="100% (2/2)" hits="1" number="205"/>
						<line hits="1" number="206"/>
						<line branch="true" condition-coverage="100% (2/2)" hits="1" number="209"/>
						<line hits="1" number="210"/>
						<line hits="1" number="213"/>
						<line hits="1" number="215"/>
						<line hits="1" number="216"/>
						<line branch="true" condition-coverage="100% (2/2)" hits="1" number="217"/>
						<line hits="1" number="218"/>
						<line branch="true" condition-coverage="100% (2/2)" hits="1" number="219"/>
						<line hits="1" number="220"/>
						<line hits="1" number="221"/>
						<line hits="1" number="222"/>
						<line hits="1" number="223"/>
						<line branch="true" condition-coverage="50% (1/2)" hits="1" missing-branches="225" number="224"/>
						<line hits="0" number="225"/>
						<line hits="1" number="227"/>
						<line hits="1" number="229"/>
						<line branch="true" condition-coverage="100% (2/2)" hits="1" number="230"/>
						<line branch="true" condition-coverage="50% (1/2)" hits="1" missing-branches="232" number="231"/>
						<line hits="0" number="232"/>
						<line hits="0" number="233"/>
						<line branch="true" condition-coverage="50% (1/2)" hits="1" missing-branches="235" number="234"/>
						<line hits="0" number="235"/>
						<line hits="0" number="236"/>
						<line branch="true" condition-coverage="50% (1/2)" hits="1" missing-branches="238" number="237"/>
						<line branch="true" condition-coverage="0% (0/2)" hits="0" missing-branches="239,241" number="238"/>
						<line hits="0" number="239"/>
						<line hits="0" number="240"/>
						<line branch="true" condition-coverage="0% (0/2)" hits="0" missing-branches="242,246" number="241"/>
						<line hits="0" number="242"/>
						<line hits="0" number="243"/>
						<line branch="true" condition-coverage="50% (1/2)" hits="1" missing-branches="247" number="246"/>
						<line hits="0" number="247"/>
						<line hits="0" number="248"/>
						<line branch="true" condition-coverage="50% (1/2)" hits="1" missing-branches="250" number="249"/>
						<line hits="0" number="250"/>
						<line hits="0" number="251"/>
						<line branch="true" condition-coverage="50% (1/2)" hits="1" missing-branches="256" number="254"/>
						<line hits="0" number="256"/>
						<line hits="0" number="257"/>
						<line hits="0" number="258"/>
						<line branch="true" condition-coverage="100% (2/2)" hits="1" number="260"/>
						<line hits="1" number="261"/>
						<line hits="1" number="262"/>
						<line branch="true" condition-coverage="50% (1/2)" hits="1" missing-branches="265" number="263"/>
						<line hits="1" number="264"/>
						<line branch="true" condition-coverage="50% (1/2)" hits="1" missing-branches="266" number="265"/>
						<line hits="0" number="266"/>
						<line hits="1" number="267"/>
						<line branch="true" condition-coverage="50% (1/2)" hits="1" missing-branches="271" number="270"/>
						<line hits="0" number="271"/>
						<line branch="true" condition-coverage="0% (0/2)" hits="0" missing-branches="273,275" number="272"/>
						<line hits="0" number="273"/>
						<line branch="true" condition-coverage="50% (1/2)" hits="1" missing-branches="281" number="275"/>
						<line hits="1" number="276"/>
						<line branch="true" condition-coverage="50% (1/2)" hits="1" missing-branches="278" number="277"/>
						<line hits="0" number="278"/>
						<line hits="1" number="281"/>
						<line branch="true" condition-coverage="100% (2/2)" hits="1" number="283"/>
						<line hits="1" number="285"/>
						<line branch="true" condition-coverage="50% (1/2)" hits="1" missing-branches="287" number="286"/>
						<line hits="0" number="287"/>
						<line branch="true" condition-coverage="50% (1/2)" hits="1" missing-branches="289" number="288"/>
						<line hits="0" number="289"/>
						<line branch="true" condition-coverage="50% (1/2)" hits="1" missing-branches="291" number="290"/>
						<line hits="0" number="291"/>
						<line hits="1" number="293"/>
						<line hits="1" number="295"/>
						<line branch="true" condition-coverage="100% (2/2)" hits="1" number="297"/>
						<line branch="true" condition-coverage="100% (2/2)" hits="1" number="298"/>
						<line hits="1" number="299"/>
						<line branch="true" condition-coverage="100% (2/2)" hits="1" number="300"/>
						<line hits="1" number="302"/>
						<line hits="1" number="303"/>
						<line hits="1" number="304"/>
						<line hits="1" number="305"/>
						<line hits="1" number="306"/>
						<line hits="1" number="308"/>
						<line branch="true" condition-coverage="0% (0/2)" hits="0" missing-branches="311,313" number="310"/>
						<line branch="true" condition-coverage="0% (0/2)" hits="0" missing-branches="310,312" number="311"/>
						<line hits="0" number="312"/>
						<line hits="0" number="313"/>
						<line hits="1" number="315"/>
						<line branch="true" condition-coverage="0% (0/2)" hits="0" missing-branches="318,322" number="317"/>
						<line branch="true" condition-coverage="0% (0/2)" hits="0" missing-branches="317,319" number="318"/>
						<line hits="0" number="319"/>
						<line hits="0" number="320"/>
						<line hits="0" number="321"/>
						<line hits="0" number="322"/>
						<line hits="1" number="324"/>
						<line hits="1" number="326"/>
						<line branch="true" condition-coverage="100% (2/2)" hits="1" number="327"/>
						<line branch="true" condition-coverage="100% (2/2)" hits="1" number="328"/>
						<line hits="1" number="329"/>
						<line hits="1" number="330"/>
						<line hits="1" number="332"/>
						<line hits="1" number="333"/>
						<line hits="1" number="334"/>
						<line hits="1" number="335"/>
						<line hits="1" number="336"/>
						<line hits="1" number="337"/>
						<line hits="1" number="338"/>
						<line hits="1" number="340"/>
						<line hits="0" number="342"/>
						<line branch="true" condition-coverage="0% (0/2)" hits="0" missing-branches="344,357" number="343"/>
						<line hits="0" number="344"/>
						<line branch="true" condition-coverage="0% (0/2)" hits="0" missing-branches="346,349" number="345"/>
						<line hits="0" number="346"/>
						<line hits="0" number="347"/>
						<line branch="true" condition-coverage="0% (0/2)" hits="0" missing-branches="350,353" number="349"/>
						<line hits="0" number="350"/>
						<line hits="0" number="351"/>
						<line hits="0" number="353"/>
						<line hits="0" number="354"/>
						<line hits="0" number="355"/>
						<line hits="0" number="356"/>
						<line hits="0" number="357"/>
						<line hits="1" number="359"/>
						<line branch="true" condition-coverage="50% (1/2)" hits="1" missing-branches="377" number="376"/>
						<line hits="0" number="377"/>
						<line branch="true" condition-coverage="50% (1/2)" hits="1" missing-branches="379" number="378"/>
						<line hits="0" number="379"/>
						<line branch="true" condition-coverage="50% (1/2)" hits="1" missing-branches="383" number="380"/>
						<line hits="1" number="381"/>
						<line hits="0" number="383"/>
						<line branch="true" condition-coverage="100% (2/2)" hits="1" number="387"/>
						<line branch="true" condition-coverage="100% (2/2)" hits="1" number="388"/>
						<line hits="1" number="389"/>
						<line branch="true" condition-coverage="50% (1/2)" hits="1" missing-branches="396" number="390"/>
						<line hits="0" number="396"/>
						<line hits="1" number="398"/>
						<line hits="1" number="399"/>
						<line branch="true" condition-coverage="50% (1/2)" hits="1" missing-branches="403" number="402"/>
						<line branch="true" condition-coverage="0% (0/2)" hits="0" missing-branches="402,404" number="403"/>
						<line hits="0" number="404"/>
						<line hits="1" number="406"/>
						<line hits="1" number="407"/>
						<line branch="true" condition-coverage="100% (2/2)" hits="1" number="408"/>
						<line branch="true" condition-coverage="100% (2/2)" hits="1" number="409"/>
						<line hits="1" number="410"/>
						<line branch="true" condition-coverage="100% (2/2)" hits="1" number="413"/>
						<line hits="1" number="414"/>
						<line hits="1" number="416"/>
						<line branch="true" condition-coverage="50% (1/2)" hits="1" missing-branches="419" number="418"/>
						<line hits="0" number="419"/>
						<line hits="0" number="420"/>
						<line branch="true" condition-coverage="50% (1/2)" hits="1" missing-branches="423" number="422"/>
						<line hits="0" number="423"/>
						<line hits="0" number="424"/>
						<line branch="true" condition-coverage="50% (1/2)" hits="1" missing-branches="427" number="426"/>
						<line hits="0" number="427"/>
						<line hits="0" number="428"/>
						<line hits="1" number="430"/>
						<line hits="1" number="431"/>
						<line hits="1" number="450"/>
						<line hits="1" number="452"/>
						<line branch="true" condition-coverage="50% (1/2)" hits="1" missing-branches="454" number="453"/>
						<line hits="0" number="454"/>
						<line hits="1" number="455"/>
						<line hits="1" number="456"/>
						<line hits="1" number="458"/>
						<line hits="0" number="460"/>
						<line branch="true" condition-coverage="0% (0/2)" hits="0" missing-branches="464,468" number="463"/>
						<line hits="0" number="464"/>
						<line hits="0" number="465"/>
						<line branch="true" condition-coverage="0% (0/2)" hits="0" missing-branches="exit,469" number="468"/>
						<line hits="0" number="469"/>
						<line branch="true" condition-coverage="0% (0/2)" hits="0" missing-branches="exit,471" number="470"/>
						<line hits="0" number="471"/>
						<line hits="1" number="473"/>
						<line hits="1" number="475"/>
						<line hits="0" number="476"/>
						<line hits="0" number="477"/>
						<line hits="0" number="478"/>
						<line hits="1" number="480"/>
						<line hits="0" number="481"/>
						<line hits="1" number="483"/>
						<line hits="0" number="484"/>
						<line hits="0" number="486"/>
						<line branch="true" condition-coverage="0% (0/2)" hits="0" missing-branches="exit,489" number="488"/>
						<line hits="0" number="489"/>
						<line branch="true" condition-coverage="0% (0/2)" hits="0" missing-branches="493,509" number="492"/>
						<line branch="true" condition-coverage="0% (0/2)" hits="0" missing-branches="494,509" number="493"/>
						<line hits="0" number="494"/>
						<line hits="0" number="495"/>
						<line hits="0" number="496"/>
						<line hits="0" number="497"/>
						<line hits="0" number="498"/>
						<line hits="0" number="499"/>
						<line hits="0" number="500"/>
						<line hits="0" number="501"/>
						<line hits="0" number="502"/>
						<line hits="0" number="503"/>
						<line hits="0" number="504"/>
						<line hits="0" number="505"/>
						<line hits="0" number="506"/>
						<line hits="0" number="507"/>
						<line hits="0" number="509"/>
						<line hits="0" number="510"/>
						<line hits="0" number="511"/>
						<line hits="1" number="513"/>
						<line hits="1" number="515"/>
						<line hits="1" number="516"/>
						<line hits="1" number="517"/>
						<line hits="1" number="518"/>
						<line hits="1" number="519"/>
						<line hits="1" number="521"/>
						<line hits="0" number="522"/>
						<line hits="0" number="523"/>
						<line hits="1" number="525"/>
						<line hits="1" number="526"/>
						<line hits="1" number="527"/>
						<line hits="1" number="528"/>
						<line hits="1" number="529"/>
						<line hits="1" number="531"/>
						<line branch="true" condition-coverage="50% (1/2)" hits="1" missing-branches="535" number="533"/>
						<line hits="1" number="534"/>
						<line hits="0" number="535"/>
						<line hits="1" number="541"/>
						<line hits="1" number="542"/>
						<line hits="1" number="543"/>
						<line hits="1" number="544"/>
						<line hits="0" number="545"/>
						<line hits="0" number="546"/>
						<line hits="1" number="547"/>
						<line branch="true" condition-coverage="100% (2/2)" hits="1" number="549"/>
						<line hits="1" number="550"/>
						<line hits="1" number="551"/>
						<line hits="1" number="552"/>
						<line hits="1" number="554"/>
						<line hits="1" number="555"/>
						<line branch="true" condition-coverage="0% (0/2)" hits="0" missing-branches="557,558" number="556"/>
						<line hits="0" number="557"/>
						<line hits="0" number="558"/>
						<line hits="1" number="565"/>
						<line hits="1" number="567"/>
						<line hits="1" number="568"/>
						<line hits="1" number="569"/>
						<line hits="1" number="570"/>
						<line branch="true" condition-coverage="100% (2/2)" hits="1" number="571"/>
						<line branch="true" condition-coverage="100% (2/2)" hits="1" number="572"/>
						<line hits="1" number="573"/>
						<line branch="true" condition-coverage="50% (1/2)" hits="1" missing-branches="575" number="574"/>
						<line hits="0" number="575"/>
						<line hits="1" number="577"/>
						<line hits="1" number="578"/>
						<line hits="1" number="580"/>
						<line hits="1" number="581"/>
						<line hits="1" number="582"/>
						<line hits="1" number="583"/>
						<line hits="1" number="584"/>
						<line hits="1" number="586"/>
						<line hits="1" number="587"/>
						<line hits="1" number="588"/>
						<line hits="1" number="589"/>
						<line hits="1" number="591"/>
						<line branch="true" condition-coverage="100% (2/2)" hits="1" number="593"/>
						<line hits="1" number="594"/>
						<line hits="1" number="595"/>
						<line hits="1" number="596"/>
						<line hits="1" number="598"/>
						<line branch="true" condition-coverage="0% (0/2)" hits="0" missing-branches="601,603" number="600"/>
						<line hits="0" number="601"/>
						<line hits="0" number="603"/>
						<line hits="0" number="604"/>
						<line hits="0" number="605"/>
						<line hits="0" number="606"/>
						<line hits="0" number="607"/>
						<line hits="1" number="609"/>
						<line branch="true" condition-coverage="0% (0/2)" hits="0" missing-branches="616,617" number="615"/>
						<line hits="0" number="616"/>
						<line branch="true" condition-coverage="0% (0/2)" hits="0" missing-branches="618,621" number="617"/>
						<line branch="true" condition-coverage="0% (0/2)" hits="0" missing-branches="617,619" number="618"/>
						<line hits="0" number="619"/>
						<line hits="0" number="621"/>
						<line branch="true" condition-coverage="0% (0/2)" hits="0" missing-branches="exit,624" number="622"/>
						<line hits="0" number="624"/>
						<line hits="0" number="625"/>
						<line hits="0" number="626"/>
						<line hits="1" number="628"/>
						<line branch="true" condition-coverage="0% (0/2)" hits="0" missing-branches="631,632" number="630"/>
						<line hits="0" number="631"/>
						<line branch="true" condition-coverage="0% (0/2)" hits="0" missing-branches="633,635" number="632"/>
						<line hits="0" number="633"/>
						<line hits="0" number="635"/>
						<line hits="0" number="636"/>
						<line hits="1" number="638"/>
						<line hits="0" number="640"/>
						<line hits="0" number="641"/>
						<line hits="1" number="643"/>
						<line hits="0" number="645"/>
						<line branch="true" condition-coverage="0% (0/2)" hits="0" missing-branches="647,648" number="646"/>
						<line hits="0" number="647"/>
						<line hits="0" number="648"/>
						<line branch="true" condition-coverage="0% (0/2)" hits="0" missing-branches="650,697" number="649"/>
						<line hits="0" number="650"/>
						<line branch="true" condition-coverage="0% (0/2)" hits="0" missing-branches="654,675" number="653"/>
						<line branch="true" condition-coverage="0% (0/2)" hits="0" missing-branches="655,657" number="654"/>
						<line hits="0" number="655"/>
						<line hits="0" number="657"/>
						<line hits="0" number="659"/>
						<line hits="0" number="672"/>
						<line hits="0" number="675"/>
						<line hits="0" number="676"/>
						<line hits="0" number="677"/>
						<line branch="true" condition-coverage="0% (0/2)" hits="0" missing-branches="679,681" number="678"/>
						<line hits="0" number="679"/>
						<line hits="0" number="681"/>
						<line hits="0" number="682"/>
						<line branch="true" condition-coverage="0% (0/2)" hits="0" missing-branches="684,685" number="683"/>
						<line hits="0" number="684"/>
						<line hits="0" number="685"/>
						<line hits="0" number="697"/>
						<line hits="1" number="699"/>
						<line hits="0" number="701"/>
						<line hits="0" number="702"/>
						<line hits="0" number="703"/>
						<line hits="0" number="704"/>
						<line branch="true" condition-coverage="0% (0/2)" hits="0" missing-branches="706,707" number="705"/>
						<line hits="0" number="706"/>
						<line branch="true" condition-coverage="0% (0/2)" hits="0" missing-branches="708,710" number="707"/>
						<line hits="0" number="708"/>
						<line hits="0" number="710"/>
						<line hits="0" number="711"/>
						<line hits="0" number="712"/>
						<line hits="1" number="714"/>
						<line hits="1" number="715"/>
						<line hits="0" number="716"/>
						<line hits="1" number="718"/>
						<line hits="1" number="719"/>
						<line branch="true" condition-coverage="0% (0/2)" hits="0" missing-branches="726,727" number="725"/>
						<line hits="0" number="726"/>
						<line branch="true" condition-coverage="0% (0/2)" hits="0" missing-branches="728,730" number="727"/>
						<line hits="0" number="728"/>
						<line branch="true" condition-coverage="0% (0/2)" hits="0" missing-branches="exit,731" number="730"/>
						<line hits="0" number="731"/>
						<line hits="0" number="734"/>
						<line hits="0" number="736"/>
						<line hits="0" number="738"/>
						<line hits="0" number="740"/>
						<line branch="true" condition-coverage="0% (0/2)" hits="0" missing-branches="744,748" number="743"/>
						<line branch="true" condition-coverage="0% (0/2)" hits="0" missing-branches="745,748" number="744"/>
						<line hits="0" number="745"/>
						<line branch="true" condition-coverage="0% (0/2)" hits="0" missing-branches="749,754" number="748"/>
						<line hits="0" number="749"/>
						<line branch="true" condition-coverage="0% (0/2)" hits="0" missing-branches="748,751" number="750"/>
						<line hits="0" number="751"/>
						<line hits="0" number="754"/>
						<line hits="0" number="755"/>
						<line hits="1" number="757"/>
						<line hits="0" number="759"/>
						<line hits="0" number="761"/>
						<line hits="0" number="762"/>
						<line hits="0" number="763"/>
						<line hits="0" number="764"/>
						<line hits="0" number="766"/>
						<line hits="0" number="768"/>
						<line hits="0" number="769"/>
						<line hits="0" number="770"/>
						<line hits="0" number="771"/>
						<line hits="0" number="772"/>
						<line hits="0" number="773"/>
						<line hits="0" number="774"/>
						<line hits="0" number="775"/>
						<line hits="0" number="777"/>
						<line hits="0" number="778"/>
						<line hits="0" number="779"/>
						<line hits="0" number="780"/>
						<line hits="0" number="782"/>
						<line hits="0" number="783"/>
						<line hits="0" number="784"/>
						<line hits="0" number="785"/>
						<line hits="0" number="786"/>
						<line hits="0" number="788"/>
						<line hits="0" number="790"/>
						<line hits="1" number="807"/>
						<line hits="0" number="809"/>
						<line hits="0" number="810"/>
						<line branch="true" condition-coverage="0% (0/2)" hits="0" missing-branches="815,819" number="811"/>
						<line hits="0" number="815"/>
						<line hits="0" number="816"/>
						<line hits="0" number="817"/>
						<line hits="0" number="818"/>
						<line hits="0" number="819"/>
						<line hits="0" number="820"/>
						<line hits="1" number="822"/>
						<line hits="1" number="823"/>
						<line hits="0" number="824"/>
						<line branch="true" condition-coverage="0% (0/2)" hits="0" missing-branches="826,830" number="825"/>
						<line hits="0" number="826"/>
						<line branch="true" condition-coverage="0% (0/2)" hits="0" missing-branches="828,831" number="827"/>
						<line hits="0" number="828"/>
						<line branch="true" condition-coverage="0% (0/2)" hits="0" missing-branches="exit,831" number="830"/>
						<line hits="0" number="831"/>
						<line hits="0" number="832"/>
						<line hits="1" number="834"/>
						<line hits="0" number="836"/>
						<line hits="1" number="838"/>
						<line hits="0" number="840"/>
						<line hits="0" number="841"/>
						<line hits="0" number="842"/>
						<line branch="true" condition-coverage="0% (0/2)" hits="0" missing-branches="844,845" number="843"/>
						<line hits="0" number="844"/>
						<line hits="0" number="845"/>
						<line hits="1" number="847"/>
						<line hits="0" number="849"/>
						<line hits="0" number="850"/>
						<line hits="0" number="851"/>
						<line hits="1" number="853"/>
						<line hits="1" number="854"/>
						<line hits="0" number="855"/>
						<line hits="1" number="857"/>
						<line hits="1" number="858"/>
						<line hits="1" number="859"/>
						<line branch="true" condition-coverage="50% (1/2)" hits="1" missing-branches="863" number="860"/>
						<line hits="1" number="861"/>
						<line hits="0" number="863"/>
						<line hits="0" number="864"/>
						<line branch="true" condition-coverage="0% (0/2)" hits="0" missing-branches="866,868" number="865"/>
						<line hits="0" number="866"/>
						<line hits="0" number="867"/>
						<line branch="true" condition-coverage="0% (0/2)" hits="0" missing-branches="exit,exit" number="868"/>
						<line hits="1" number="871"/>
						<line hits="1" number="872"/>
						<line hits="0" number="873"/>
						<line hits="1" number="875"/>
						<line hits="1" number="876"/>
						<line hits="0" number="877"/>
						<line hits="1" number="879"/>
						<line hits="1" number="880"/>
						<line hits="1" number="882"/>
						<line hits="1" number="883"/>
						<line hits="1" number="885"/>
						<line hits="1" number="887"/>
						<line hits="1" number="888"/>
						<line branch="true" condition-coverage="100% (2/2)" hits="1" number="891"/>
						<line hits="1" number="892"/>
						<line branch="true" condition-coverage="50% (1/2)" hits="1" missing-branches="896" number="893"/>
						<line hits="1" number="894"/>
						<line hits="0" number="896"/>
						<line hits="1" number="897"/>
						<line hits="1" number="898"/>
						<line hits="1" number="900"/>
						<line hits="1" number="902"/>
						<line hits="0" number="903"/>
						<line hits="1" number="905"/>
						<line branch="true" condition-coverage="50% (1/2)" hits="1" missing-branches="exit" number="906"/>
						<line hits="1" number="907"/>
						<line hits="1" number="908"/>
						<line hits="1" number="909"/>
						<line hits="1" number="911"/>
						<line hits="0" number="913"/>
						<line hits="0" number="914"/>
						<line hits="0" number="915"/>
						<line hits="0" number="916"/>
						<line hits="0" number="917"/>
						<line hits="0" number="918"/>
						<line hits="0" number="919"/>
						<line hits="1" number="921"/>
						<line hits="1" number="922"/>
						<line hits="1" number="924"/>
						<line branch="true" condition-coverage="50% (1/2)" hits="1" missing-branches="940" number="927"/>
						<line branch="true" condition-coverage="50% (1/2)" hits="1" missing-branches="934" number="929"/>
						<line hits="1" number="931"/>
						<line hits="1" number="932"/>
						<line hits="1" number="933"/>
						<line branch="true" condition-coverage="0% (0/2)" hits="0" missing-branches="935,938" number="934"/>
						<line hits="0" number="935"/>
						<line hits="0" number="936"/>
						<line hits="0" number="938"/>
						<line hits="0" number="939"/>
						<line branch="true" condition-coverage="0% (0/2)" hits="0" missing-branches="941,951" number="940"/>
						<line branch="true" condition-coverage="0% (0/2)" hits="0" missing-branches="943,947" number="941"/>
						<line hits="0" number="943"/>
						<line hits="0" number="944"/>
						<line hits="0" number="945"/>
						<line hits="0" number="947"/>
						<line hits="0" number="948"/>
						<line hits="0" number="951"/>
						<line hits="1" number="956"/>
						<line hits="0" number="957"/>
						<line hits="0" number="958"/>
						<line hits="0" number="959"/>
						<line hits="1" number="961"/>
						<line hits="1" number="964"/>
						<line hits="1" number="965"/>
						<line hits="1" number="966"/>
						<line hits="0" number="968"/>
						<line hits="0" number="969"/>
						<line hits="0" number="970"/>
						<line branch="true" condition-coverage="50% (1/2)" hits="1" missing-branches="974" number="973"/>
						<line hits="0" number="974"/>
						<line hits="0" number="976"/>
						<line branch="true" condition-coverage="50% (1/2)" hits="1" missing-branches="980" number="979"/>
						<line hits="0" number="980"/>
						<line hits="1" number="984"/>
						<line hits="1" number="985"/>
						<line hits="1" number="986"/>
						<line hits="1" number="987"/>
						<line hits="1" number="992"/>
						<line hits="0" number="994"/>
						<line branch="true" condition-coverage="0% (0/2)" hits="0" missing-branches="996,997" number="995"/>
						<line hits="0" number="996"/>
						<line branch="true" condition-coverage="0% (0/2)" hits="0" missing-branches="998,1000" number="997"/>
						<line hits="0" number="998"/>
						<line hits="0" number="1000"/>
						<line hits="0" number="1001"/>
						<line hits="0" number="1004"/>
						<line hits="0" number="1005"/>
						<line hits="0" number="1006"/>
						<line hits="0" number="1007"/>
						<line hits="0" number="1008"/>
						<line hits="0" number="1009"/>
						<line branch="true" condition-coverage="0% (0/2)" hits="0" missing-branches="1013,1017" number="1011"/>
						<line hits="0" number="1013"/>
						<line hits="0" number="1014"/>
						<line hits="0" number="1017"/>
						<line hits="0" number="1018"/>
						<line branch="true" condition-coverage="0% (0/2)" hits="0" missing-branches="1021,1054" number="1020"/>
						<line hits="0" number="1021"/>
						<line hits="0" number="1022"/>
						<line branch="true" condition-coverage="0% (0/2)" hits="0" missing-branches="1025,1041" number="1023"/>
						<line hits="0" number="1025"/>
						<line hits="0" number="1026"/>
						<line hits="0" number="1027"/>
						<line hits="0" number="1028"/>
						<line hits="0" number="1029"/>
						<line hits="0" number="1030"/>
						<line hits="0" number="1031"/>
						<line branch="true" condition-coverage="0% (0/2)" hits="0" missing-branches="1034,1035" number="1033"/>
						<line hits="0" number="1034"/>
						<line branch="true" condition-coverage="0% (0/2)" hits="0" missing-branches="1036,1038" number="1035"/>
						<line hits="0" number="1036"/>
						<line hits="0" number="1038"/>
						<line branch="true" condition-coverage="0% (0/2)" hits="0" missing-branches="1042,1046" number="1041"/>
						<line hits="0" number="1042"/>
						<line hits="0" number="1043"/>
						<line hits="0" number="1046"/>
						<line hits="0" number="1047"/>
						<line hits="0" number="1048"/>
						<line hits="0" number="1049"/>
						<line hits="0" number="1051"/>
						<line branch="true" condition-coverage="0% (0/2)" hits="0" missing-branches="exit,1055" number="1054"/>
						<line hits="0" number="1055"/>
						<line branch="true" condition-coverage="0% (0/2)" hits="0" missing-branches="exit,1060" number="1057"/>
						<line hits="0" number="1060"/>
						<line hits="0" number="1061"/>
						<line hits="0" number="1062"/>
						<line hits="0" number="1063"/>
						<line hits="0" number="1066"/>
						<line branch="true" condition-coverage="0% (0/2)" hits="0" missing-branches="1069,1070" number="1068"/>
						<line hits="0" number="1069"/>
						<line branch="true" condition-coverage="0% (0/2)" hits="0" missing-branches="1073,1075" number="1070"/>
						<line hits="0" number="1073"/>
						<line hits="0" number="1075"/>
						<line hits="0" number="1076"/>
						<line hits="0" number="1078"/>
						<line hits="0" number="1079"/>
						<line hits="1" number="1082"/>
						<line hits="1" number="1085"/>
						<line hits="1" number="1086"/>
						<line hits="0" number="1088"/>
						<line hits="0" number="1089"/>
					</lines>
				</class>
				<class branch-rate="1" complexity="0" filename="lib/arc4.py" line-rate="1" name="arc4.py">
					<methods/>
					<lines>
						<line hits="1" number="1"/>
						<line hits="1" number="2"/>
						<line hits="1" number="4"/>
						<line branch="true" condition-coverage="100% (2/2)" hits="1" number="5"/>
						<line hits="1" number="6"/>
						<line hits="1" number="8"/>
					</lines>
				</class>
				<class branch-rate="0" complexity="0" filename="lib/assetgroup.py" line-rate="0.5385" name="assetgroup.py">
					<methods/>
					<lines>
						<line hits="1" number="1"/>
						<line hits="1" number="2"/>
						<line hits="1" number="3"/>
						<line hits="1" number="4"/>
						<line hits="1" number="5"/>
						<line hits="1" number="6"/>
						<line hits="1" number="8"/>
						<line hits="1" number="10"/>
						<line hits="1" number="11"/>
						<line hits="1" number="13"/>
						<line hits="1" number="14"/>
						<line hits="1" number="26"/>
						<line hits="1" number="30"/>
						<line hits="0" number="31"/>
						<line hits="0" number="32"/>
						<line hits="0" number="34"/>
						<line hits="0" number="35"/>
						<line hits="0" number="38"/>
						<line branch="true" condition-coverage="0% (0/2)" hits="0" missing-branches="40,41" number="39"/>
						<line hits="0" number="40"/>
						<line hits="0" number="41"/>
						<line hits="1" number="43"/>
						<line hits="0" number="44"/>
						<line hits="0" number="46"/>
						<line hits="0" number="47"/>
						<line hits="0" number="56"/>
					</lines>
				</class>
				<class branch-rate="0.3317" complexity="0" filename="lib/blocks.py" line-rate="0.4333" name="blocks.py">
					<methods/>
					<lines>
						<line hits="1" number="7"/>
						<line hits="1" number="8"/>
						<line hits="1" number="9"/>
						<line hits="1" number="10"/>
						<line hits="1" number="11"/>
						<line hits="1" number="12"/>
						<line hits="1" number="13"/>
						<line hits="1" number="14"/>
						<line hits="1" number="15"/>
						<line hits="1" number="16"/>
						<line hits="1" number="17"/>
						<line hits="1" number="18"/>
						<line hits="1" number="19"/>
						<line hits="1" number="20"/>
						<line hits="1" number="22"/>
						<line hits="1" number="23"/>
						<line hits="1" number="25"/>
						<line hits="1" number="26"/>
						<line hits="1" number="27"/>
						<line hits="1" number="28"/>
						<line hits="1" number="29"/>
						<line hits="1" number="30"/>
						<line hits="1" number="31"/>
						<line hits="1" number="32"/>
						<line hits="1" number="33"/>
						<line hits="1" number="34"/>
						<line hits="1" number="35"/>
						<line hits="1" number="37"/>
						<line hits="1" number="38"/>
						<line hits="1" number="40"/>
						<line hits="1" number="41"/>
						<line hits="1" number="43"/>
						<line hits="1" number="46"/>
						<line hits="1" number="58"/>
						<line hits="1" number="59"/>
						<line hits="1" number="60"/>
						<line hits="1" number="62"/>
						<line hits="1" number="63"/>
						<line hits="1" number="64"/>
						<line hits="1" number="65"/>
						<line branch="true" condition-coverage="100% (2/2)" hits="1" number="66"/>
						<line hits="1" number="67"/>
						<line hits="1" number="69"/>
						<line hits="1" number="71"/>
						<line hits="1" number="73"/>
						<line hits="1" number="74"/>
						<line branch="true" condition-coverage="100% (2/2)" hits="1" number="76"/>
						<line hits="1" number="77"/>
						<line branch="true" condition-coverage="100% (2/2)" hits="1" number="78"/>
						<line branch="true" condition-coverage="100% (2/2)" hits="1" number="79"/>
						<line hits="1" number="80"/>
						<line branch="true" condition-coverage="100% (2/2)" hits="1" number="83"/>
						<line hits="1" number="84"/>
						<line hits="1" number="85"/>
						<line branch="true" condition-coverage="50% (1/2)" hits="1" missing-branches="94" number="87"/>
						<line hits="1" number="88"/>
						<line hits="1" number="89"/>
						<line hits="0" number="90"/>
						<line hits="0" number="91"/>
						<line hits="0" number="92"/>
						<line hits="0" number="94"/>
						<line hits="0" number="95"/>
						<line hits="1" number="98"/>
						<line branch="true" condition-coverage="100% (2/2)" hits="1" number="100"/>
						<line hits="1" number="101"/>
						<line branch="true" condition-coverage="50% (1/2)" hits="1" missing-branches="103" number="102"/>
						<line hits="0" number="103"/>
						<line branch="true" condition-coverage="50% (1/2)" hits="1" missing-branches="105" number="104"/>
						<line hits="0" number="105"/>
						<line branch="true" condition-coverage="100% (2/2)" hits="1" number="106"/>
						<line hits="1" number="107"/>
						<line branch="true" condition-coverage="50% (1/2)" hits="1" missing-branches="109" number="108"/>
						<line hits="0" number="109"/>
						<line branch="true" condition-coverage="100% (2/2)" hits="1" number="110"/>
						<line hits="1" number="111"/>
						<line branch="true" condition-coverage="50% (1/2)" hits="1" missing-branches="113" number="112"/>
						<line hits="0" number="113"/>
						<line branch="true" condition-coverage="100% (2/2)" hits="1" number="114"/>
						<line hits="1" number="115"/>
						<line branch="true" condition-coverage="100% (2/2)" hits="1" number="116"/>
						<line hits="1" number="117"/>
						<line branch="true" condition-coverage="50% (1/2)" hits="1" missing-branches="119" number="118"/>
						<line hits="0" number="119"/>
						<line branch="true" condition-coverage="50% (1/2)" hits="1" missing-branches="121" number="120"/>
						<line hits="0" number="121"/>
						<line branch="true" condition-coverage="50% (1/2)" hits="1" missing-branches="123" number="122"/>
						<line hits="0" number="123"/>
						<line branch="true" condition-coverage="50% (1/2)" hits="1" missing-branches="125" number="124"/>
						<line hits="0" number="125"/>
						<line branch="true" condition-coverage="50% (1/2)" hits="1" missing-branches="127" number="126"/>
						<line hits="0" number="127"/>
						<line branch="true" condition-coverage="50% (1/2)" hits="1" missing-branches="129" number="128"/>
						<line hits="0" number="129"/>
						<line branch="true" condition-coverage="50% (1/2)" hits="1" missing-branches="132" number="130"/>
						<line hits="1" number="131"/>
						<line branch="true" condition-coverage="0% (0/2)" hits="0" missing-branches="133,134" number="132"/>
						<line hits="0" number="133"/>
						<line branch="true" condition-coverage="0% (0/2)" hits="0" missing-branches="135,137" number="134"/>
						<line hits="0" number="135"/>
						<line hits="0" number="137"/>
						<line branch="true" condition-coverage="0% (0/2)" hits="0" missing-branches="142,143" number="141"/>
						<line hits="0" number="142"/>
						<line hits="0" number="143"/>
						<line hits="0" number="144"/>
						<line hits="1" number="150"/>
						<line hits="0" number="151"/>
						<line hits="0" number="152"/>
						<line hits="1" number="154"/>
						<line hits="1" number="157"/>
						<line hits="1" number="165"/>
						<line hits="1" number="167"/>
						<line hits="1" number="168"/>
						<line hits="1" number="170"/>
						<line hits="1" number="171"/>
						<line hits="1" number="173"/>
						<line hits="1" number="176"/>
						<line hits="1" number="177"/>
						<line branch="true" condition-coverage="100% (2/2)" hits="1" number="179"/>
						<line hits="1" number="180"/>
						<line hits="1" number="181"/>
						<line branch="true" condition-coverage="100% (2/2)" hits="1" number="185"/>
						<line hits="1" number="186"/>
						<line hits="1" number="189"/>
						<line hits="1" number="191"/>
						<line hits="1" number="194"/>
						<line hits="1" number="195"/>
						<line hits="1" number="196"/>
						<line hits="1" number="199"/>
						<line hits="1" number="200"/>
						<line hits="1" number="203"/>
						<line branch="true" condition-coverage="100% (2/2)" hits="1" number="204"/>
						<line hits="1" number="205"/>
						<line hits="1" number="206"/>
						<line hits="1" number="207"/>
						<line hits="0" number="210"/>
						<line hits="0" number="211"/>
						<line hits="0" number="212"/>
						<line hits="1" number="215"/>
						<line hits="1" number="218"/>
						<line hits="1" number="219"/>
						<line hits="1" number="220"/>
						<line hits="1" number="222"/>
						<line hits="1" number="225"/>
						<line hits="1" number="227"/>
						<line hits="1" number="230"/>
						<line hits="1" number="238"/>
						<line hits="1" number="241"/>
						<line branch="true" condition-coverage="100% (2/2)" hits="1" number="246"/>
						<line branch="true" condition-coverage="50% (1/2)" hits="1" missing-branches="249" number="247"/>
						<line hits="1" number="248"/>
						<line branch="true" condition-coverage="50% (1/2)" hits="1" missing-branches="251" number="249"/>
						<line hits="1" number="250"/>
						<line branch="true" condition-coverage="50% (1/2)" hits="1" missing-branches="253" number="251"/>
						<line hits="1" number="252"/>
						<line branch="true" condition-coverage="50% (1/2)" hits="1" missing-branches="254" number="253"/>
						<line hits="0" number="254"/>
						<line branch="true" condition-coverage="50% (1/2)" hits="1" missing-branches="256" number="255"/>
						<line hits="0" number="256"/>
						<line hits="1" number="259"/>
						<line hits="1" number="260"/>
						<line branch="true" condition-coverage="50% (1/2)" hits="1" missing-branches="262" number="261"/>
						<line branch="true" condition-coverage="0% (0/2)" hits="0" missing-branches="263,266" number="262"/>
						<line hits="0" number="263"/>
						<line hits="1" number="266"/>
						<line hits="1" number="281"/>
						<line hits="1" number="284"/>
						<line hits="1" number="287"/>
						<line hits="1" number="290"/>
						<line hits="1" number="293"/>
						<line hits="1" number="298"/>
						<line hits="1" number="299"/>
						<line hits="1" number="303"/>
						<line hits="1" number="312"/>
						<line hits="1" number="315"/>
						<line hits="1" number="320"/>
						<line hits="1" number="329"/>
						<line hits="1" number="332"/>
						<line hits="1" number="337"/>
						<line hits="1" number="342"/>
						<line hits="1" number="345"/>
						<line hits="1" number="348"/>
						<line hits="1" number="354"/>
						<line hits="1" number="361"/>
						<line hits="1" number="364"/>
						<line branch="true" condition-coverage="100% (2/2)" hits="1" number="370"/>
						<line branch="true" condition-coverage="50% (1/2)" hits="1" missing-branches="372" number="371"/>
						<line hits="0" number="372"/>
						<line hits="1" number="373"/>
						<line branch="true" condition-coverage="50% (1/2)" hits="1" missing-branches="375" number="374"/>
						<line hits="0" number="375"/>
						<line hits="1" number="376"/>
						<line hits="1" number="378"/>
						<line branch="true" condition-coverage="50% (1/2)" hits="1" missing-branches="385" number="379"/>
						<line hits="1" number="380"/>
						<line hits="1" number="381"/>
						<line hits="1" number="385"/>
						<line hits="1" number="390"/>
						<line hits="1" number="395"/>
						<line hits="1" number="396"/>
						<line hits="1" number="397"/>
						<line hits="1" number="398"/>
						<line hits="1" number="399"/>
						<line hits="1" number="400"/>
						<line hits="1" number="401"/>
						<line hits="1" number="402"/>
						<line hits="1" number="403"/>
						<line hits="1" number="404"/>
						<line hits="1" number="405"/>
						<line hits="1" number="406"/>
						<line hits="1" number="407"/>
						<line hits="1" number="408"/>
						<line hits="1" number="409"/>
						<line hits="1" number="412"/>
						<line hits="1" number="421"/>
						<line hits="1" number="424"/>
						<line hits="1" number="429"/>
						<line hits="1" number="433"/>
						<line branch="true" condition-coverage="100% (2/2)" hits="1" number="438"/>
						<line branch="true" condition-coverage="100% (2/2)" hits="1" number="439"/>
						<line hits="1" number="440"/>
						<line branch="true" condition-coverage="100% (2/2)" hits="1" number="445"/>
						<line hits="1" number="446"/>
						<line branch="true" condition-coverage="100% (2/2)" hits="1" number="451"/>
						<line hits="1" number="452"/>
						<line branch="true" condition-coverage="100% (2/2)" hits="1" number="457"/>
						<line hits="1" number="458"/>
						<line hits="1" number="462"/>
						<line hits="1" number="463"/>
						<line hits="1" number="471"/>
						<line hits="1" number="473"/>
						<line hits="1" number="475"/>
						<line hits="1" number="476"/>
						<line branch="true" condition-coverage="0% (0/2)" hits="0" missing-branches="478,479" number="477"/>
						<line hits="0" number="478"/>
						<line hits="0" number="479"/>
						<line branch="true" condition-coverage="0% (0/2)" hits="0" missing-branches="482,487" number="481"/>
						<line hits="0" number="482"/>
						<line hits="0" number="483"/>
						<line hits="0" number="484"/>
						<line hits="0" number="485"/>
						<line hits="0" number="487"/>
						<line hits="1" number="489"/>
						<line hits="0" number="490"/>
						<line hits="0" number="491"/>
						<line branch="true" condition-coverage="0% (0/2)" hits="0" missing-branches="493,494" number="492"/>
						<line hits="0" number="493"/>
						<line hits="0" number="494"/>
						<line hits="0" number="496"/>
						<line hits="0" number="497"/>
						<line branch="true" condition-coverage="0% (0/2)" hits="0" missing-branches="499,500" number="498"/>
						<line hits="0" number="499"/>
						<line hits="0" number="500"/>
						<line hits="0" number="501"/>
						<line branch="true" condition-coverage="0% (0/2)" hits="0" missing-branches="504,506" number="503"/>
						<line hits="0" number="504"/>
						<line hits="0" number="506"/>
						<line hits="0" number="508"/>
						<line branch="true" condition-coverage="0% (0/2)" hits="0" missing-branches="510,538" number="509"/>
						<line hits="0" number="510"/>
						<line branch="true" condition-coverage="0% (0/2)" hits="0" missing-branches="512,515" number="511"/>
						<line hits="0" number="512"/>
						<line hits="0" number="513"/>
						<line hits="0" number="514"/>
						<line branch="true" condition-coverage="0% (0/2)" hits="0" missing-branches="509,516" number="515"/>
						<line hits="0" number="516"/>
						<line branch="true" condition-coverage="0% (0/2)" hits="0" missing-branches="518,519" number="517"/>
						<line hits="0" number="518"/>
						<line branch="true" condition-coverage="0% (0/2)" hits="0" missing-branches="520,521" number="519"/>
						<line hits="0" number="520"/>
						<line branch="true" condition-coverage="0% (0/2)" hits="0" missing-branches="522,523" number="521"/>
						<line hits="0" number="522"/>
						<line branch="true" condition-coverage="0% (0/2)" hits="0" missing-branches="524,525" number="523"/>
						<line hits="0" number="524"/>
						<line branch="true" condition-coverage="0% (0/2)" hits="0" missing-branches="527,529" number="525"/>
						<line hits="0" number="527"/>
						<line hits="0" number="529"/>
						<line branch="true" condition-coverage="0% (0/2)" hits="0" missing-branches="532,534" number="531"/>
						<line hits="0" number="532"/>
						<line hits="0" number="534"/>
						<line hits="0" number="538"/>
						<line branch="true" condition-coverage="0% (0/2)" hits="0" missing-branches="541,575" number="539"/>
						<line branch="true" condition-coverage="0% (0/2)" hits="0" missing-branches="542,545" number="541"/>
						<line hits="0" number="542"/>
						<line hits="0" number="543"/>
						<line hits="0" number="545"/>
						<line hits="0" number="546"/>
						<line hits="0" number="547"/>
						<line hits="0" number="549"/>
						<line branch="true" condition-coverage="0% (0/2)" hits="0" missing-branches="551,554" number="550"/>
						<line hits="0" number="551"/>
						<line branch="true" condition-coverage="0% (0/2)" hits="0" missing-branches="553,570" number="552"/>
						<line hits="0" number="553"/>
						<line branch="true" condition-coverage="0% (0/2)" hits="0" missing-branches="555,558" number="554"/>
						<line hits="0" number="555"/>
						<line branch="true" condition-coverage="0% (0/2)" hits="0" missing-branches="557,570" number="556"/>
						<line hits="0" number="557"/>
						<line branch="true" condition-coverage="0% (0/2)" hits="0" missing-branches="559,562" number="558"/>
						<line hits="0" number="559"/>
						<line branch="true" condition-coverage="0% (0/2)" hits="0" missing-branches="561,570" number="560"/>
						<line hits="0" number="561"/>
						<line branch="true" condition-coverage="0% (0/2)" hits="0" missing-branches="564,566" number="562"/>
						<line hits="0" number="564"/>
						<line hits="0" number="566"/>
						<line branch="true" condition-coverage="0% (0/2)" hits="0" missing-branches="539,572" number="570"/>
						<line branch="true" condition-coverage="0% (0/2)" hits="0" missing-branches="539,573" number="572"/>
						<line hits="0" number="573"/>
						<line hits="0" number="575"/>
						<line hits="1" number="577"/>
						<line branch="true" condition-coverage="50% (1/2)" hits="1" missing-branches="581" number="579"/>
						<line hits="1" number="580"/>
						<line branch="true" condition-coverage="50% (1/2)" hits="1" missing-branches="583" number="581"/>
						<line hits="1" number="582"/>
						<line branch="true" condition-coverage="0% (0/2)" hits="0" missing-branches="584,586" number="583"/>
						<line hits="0" number="584"/>
						<line hits="0" number="586"/>
						<line hits="1" number="588"/>
						<line hits="1" number="593"/>
						<line hits="1" number="595"/>
						<line hits="1" number="596"/>
						<line branch="true" condition-coverage="50% (1/2)" hits="1" missing-branches="598" number="597"/>
						<line hits="0" number="598"/>
						<line hits="1" number="599"/>
						<line hits="1" number="601"/>
						<line hits="1" number="602"/>
						<line branch="true" condition-coverage="50% (1/2)" hits="1" missing-branches="604" number="603"/>
						<line hits="0" number="604"/>
						<line hits="1" number="605"/>
						<line hits="1" number="606"/>
						<line branch="true" condition-coverage="50% (1/2)" hits="1" missing-branches="609" number="608"/>
						<line hits="0" number="609"/>
						<line hits="1" number="611"/>
						<line hits="1" number="614"/>
						<line hits="1" number="617"/>
						<line hits="1" number="618"/>
						<line branch="true" condition-coverage="100% (2/2)" hits="1" number="619"/>
						<line hits="1" number="620"/>
						<line hits="1" number="623"/>
						<line branch="true" condition-coverage="50% (1/2)" hits="1" missing-branches="625" number="624"/>
						<line branch="true" condition-coverage="0% (0/2)" hits="0" missing-branches="626,627" number="625"/>
						<line hits="0" number="626"/>
						<line hits="0" number="627"/>
						<line hits="0" number="628"/>
						<line branch="true" condition-coverage="50% (1/2)" hits="1" missing-branches="630" number="629"/>
						<line branch="true" condition-coverage="0% (0/2)" hits="0" missing-branches="631,632" number="630"/>
						<line hits="0" number="631"/>
						<line hits="0" number="632"/>
						<line hits="0" number="633"/>
						<line hits="0" number="634"/>
						<line hits="0" number="635"/>
						<line branch="true" condition-coverage="50% (1/2)" hits="1" missing-branches="657" number="636"/>
						<line hits="1" number="638"/>
						<line branch="true" condition-coverage="50% (1/2)" hits="1" missing-branches="640" number="639"/>
						<line hits="0" number="640"/>
						<line branch="true" condition-coverage="50% (1/2)" hits="1" missing-branches="643" number="642"/>
						<line hits="0" number="643"/>
						<line hits="1" number="644"/>
						<line hits="1" number="645"/>
						<line branch="true" condition-coverage="100% (2/2)" hits="1" number="646"/>
						<line hits="1" number="647"/>
						<line hits="1" number="648"/>
						<line hits="1" number="649"/>
						<line branch="true" condition-coverage="50% (1/2)" hits="1" missing-branches="651" number="650"/>
						<line hits="0" number="651"/>
						<line hits="0" number="652"/>
						<line hits="1" number="654"/>
						<line branch="true" condition-coverage="100% (2/2)" hits="1" number="657"/>
						<line hits="1" number="658"/>
						<line branch="true" condition-coverage="50% (1/2)" hits="1" missing-branches="619" number="659"/>
						<line hits="1" number="660"/>
						<line hits="1" number="661"/>
						<line branch="true" condition-coverage="50% (1/2)" hits="1" missing-branches="665" number="664"/>
						<line hits="0" number="665"/>
						<line branch="true" condition-coverage="50% (1/2)" hits="1" missing-branches="669" number="666"/>
						<line hits="1" number="667"/>
						<line hits="0" number="669"/>
						<line branch="true" condition-coverage="50% (1/2)" hits="1" missing-branches="673" number="672"/>
						<line hits="0" number="673"/>
						<line hits="1" number="676"/>
						<line branch="true" condition-coverage="100% (2/2)" hits="1" number="677"/>
						<line branch="true" condition-coverage="50% (1/2)" hits="1" missing-branches="679" number="678"/>
						<line hits="0" number="679"/>
						<line branch="true" condition-coverage="50% (1/2)" hits="1" missing-branches="682" number="681"/>
						<line hits="0" number="682"/>
						<line hits="0" number="683"/>
						<line hits="1" number="685"/>
						<line hits="1" number="686"/>
						<line hits="1" number="687"/>
						<line hits="1" number="688"/>
						<line hits="1" number="690"/>
						<line branch="true" condition-coverage="50% (1/2)" hits="1" missing-branches="692" number="691"/>
						<line hits="0" number="692"/>
						<line hits="1" number="694"/>
						<line branch="true" condition-coverage="66% (2/3)" hits="1" missing-branches="700" number="697"/>
						<line hits="1" number="698"/>
						<line hits="0" number="700"/>
						<line hits="1" number="702"/>
						<line hits="1" number="704"/>
						<line hits="1" number="705"/>
						<line hits="1" number="707"/>
						<line hits="1" number="709"/>
						<line hits="1" number="710"/>
						<line hits="1" number="712"/>
						<line branch="true" condition-coverage="50% (1/2)" hits="1" missing-branches="717" number="713"/>
						<line hits="1" number="714"/>
						<line branch="true" condition-coverage="50% (1/2)" hits="1" missing-branches="717" number="715"/>
						<line hits="1" number="716"/>
						<line hits="0" number="717"/>
						<line hits="1" number="719"/>
						<line hits="1" number="720"/>
						<line hits="1" number="721"/>
						<line branch="true" condition-coverage="50% (1/2)" hits="1" missing-branches="725" number="722"/>
						<line hits="1" number="723"/>
						<line hits="0" number="725"/>
						<line hits="1" number="727"/>
						<line hits="1" number="729"/>
						<line hits="1" number="730"/>
						<line hits="1" number="731"/>
						<line branch="true" condition-coverage="100% (2/2)" hits="1" number="732"/>
						<line hits="1" number="734"/>
						<line hits="1" number="735"/>
						<line hits="1" number="736"/>
						<line hits="1" number="738"/>
						<line hits="1" number="739"/>
						<line hits="1" number="741"/>
						<line hits="1" number="743"/>
						<line hits="1" number="744"/>
						<line hits="1" number="746"/>
						<line hits="1" number="748"/>
						<line hits="1" number="749"/>
						<line hits="1" number="750"/>
						<line branch="true" condition-coverage="100% (2/2)" hits="1" number="751"/>
						<line hits="1" number="752"/>
						<line hits="1" number="753"/>
						<line branch="true" condition-coverage="100% (2/2)" hits="1" number="754"/>
						<line hits="1" number="756"/>
						<line hits="1" number="757"/>
						<line hits="1" number="758"/>
						<line branch="true" condition-coverage="100% (2/2)" hits="1" number="760"/>
						<line hits="1" number="761"/>
						<line hits="1" number="763"/>
						<line hits="1" number="765"/>
						<line hits="0" number="766"/>
						<line hits="0" number="768"/>
						<line hits="1" number="770"/>
						<line hits="1" number="776"/>
						<line branch="true" condition-coverage="50% (1/2)" hits="1" missing-branches="780" number="779"/>
						<line hits="0" number="780"/>
						<line hits="1" number="783"/>
						<line branch="true" condition-coverage="100% (2/2)" hits="1" number="784"/>
						<line hits="1" number="786"/>
						<line hits="1" number="787"/>
						<line hits="1" number="790"/>
						<line hits="1" number="791"/>
						<line hits="0" number="792"/>
						<line hits="0" number="793"/>
						<line branch="true" condition-coverage="100% (2/2)" hits="1" number="795"/>
						<line hits="1" number="796"/>
						<line branch="true" condition-coverage="100% (2/2)" hits="1" number="797"/>
						<line hits="1" number="798"/>
						<line branch="true" condition-coverage="100% (2/2)" hits="1" number="799"/>
						<line hits="1" number="800"/>
						<line hits="1" number="801"/>
						<line hits="0" number="802"/>
						<line hits="0" number="803"/>
						<line branch="true" condition-coverage="100% (2/2)" hits="1" number="804"/>
						<line hits="1" number="805"/>
[...]
						<line branch="true" condition-coverage="100% (2/2)" hits="1" number="283"/>
						<line hits="1" number="284"/>
						<line hits="1" number="285"/>
						<line hits="1" number="286"/>
						<line hits="1" number="287"/>
						<line hits="1" number="290"/>
						<line branch="true" condition-coverage="50% (1/2)" hits="1" missing-branches="293" number="292"/>
						<line hits="0" number="293"/>
						<line hits="1" number="295"/>
						<line hits="1" number="296"/>
						<line branch="true" condition-coverage="50% (1/2)" hits="1" missing-branches="298" number="297"/>
						<line hits="0" number="298"/>
						<line hits="1" number="299"/>
						<line hits="0" number="300"/>
						<line hits="0" number="301"/>
						<line hits="1" number="302"/>
						<line hits="1" number="305"/>
						<line hits="1" number="312"/>
						<line branch="true" condition-coverage="50% (1/2)" hits="1" missing-branches="315" number="314"/>
						<line hits="0" number="315"/>
						<line hits="1" number="317"/>
						<line hits="1" number="318"/>
						<line branch="true" condition-coverage="100% (2/2)" hits="1" number="320"/>
						<line hits="1" number="321"/>
						<line hits="1" number="323"/>
						<line hits="1" number="326"/>
						<line branch="true" condition-coverage="50% (1/2)" hits="1" missing-branches="328" number="327"/>
						<line hits="0" number="328"/>
						<line branch="true" condition-coverage="50% (1/2)" hits="1" missing-branches="332" number="330"/>
						<line hits="1" number="331"/>
						<line hits="1" number="332"/>
						<line hits="1" number="334"/>
						<line branch="true" condition-coverage="100% (2/2)" hits="1" number="350"/>
						<line branch="true" condition-coverage="100% (2/2)" hits="1" number="351"/>
						<line hits="1" number="352"/>
						<line branch="true" condition-coverage="100% (2/2)" hits="1" number="364"/>
						<line branch="true" condition-coverage="100% (2/2)" hits="1" number="365"/>
						<line hits="1" number="366"/>
						<line hits="1" number="367"/>
						<line branch="true" condition-coverage="100% (2/2)" hits="1" number="368"/>
						<line hits="1" number="369"/>
						<line hits="1" number="371"/>
						<line hits="1" number="373"/>
						<line hits="1" number="374"/>
						<line hits="1" number="375"/>
						<line hits="1" number="376"/>
						<line branch="true" condition-coverage="100% (2/2)" hits="1" number="378"/>
						<line hits="1" number="380"/>
						<line branch="true" condition-coverage="100% (2/2)" hits="1" number="381"/>
						<line hits="1" number="382"/>
						<line branch="true" condition-coverage="100% (2/2)" hits="1" number="383"/>
						<line hits="1" number="387"/>
						<line hits="1" number="389"/>
						<line hits="1" number="391"/>
						<line hits="1" number="402"/>
						<line hits="1" number="404"/>
						<line hits="1" number="407"/>
						<line hits="1" number="408"/>
						<line branch="true" condition-coverage="100% (2/2)" hits="1" number="409"/>
						<line hits="1" number="410"/>
						<line hits="1" number="412"/>
						<line hits="1" number="415"/>
						<line hits="1" number="416"/>
						<line hits="1" number="418"/>
						<line branch="true" condition-coverage="100% (2/2)" hits="1" number="419"/>
						<line hits="1" number="421"/>
						<line hits="1" number="423"/>
						<line hits="0" number="424"/>
						<line hits="1" number="426"/>
						<line hits="1" number="428"/>
						<line hits="1" number="429"/>
						<line branch="true" condition-coverage="100% (2/2)" hits="1" number="432"/>
						<line hits="1" number="433"/>
						<line branch="true" condition-coverage="100% (2/2)" hits="1" number="435"/>
						<line hits="1" number="436"/>
						<line hits="1" number="437"/>
						<line hits="1" number="438"/>
						<line hits="1" number="440"/>
						<line branch="true" condition-coverage="50% (1/2)" hits="1" missing-branches="445" number="442"/>
						<line branch="true" condition-coverage="100% (2/2)" hits="1" number="443"/>
						<line hits="0" number="445"/>
						<line hits="1" number="447"/>
						<line hits="1" number="450"/>
						<line hits="1" number="452"/>
						<line hits="1" number="453"/>
						<line hits="1" number="455"/>
						<line hits="1" number="457"/>
						<line hits="1" number="458"/>
						<line hits="1" number="459"/>
						<line hits="1" number="460"/>
						<line hits="1" number="461"/>
						<line hits="1" number="463"/>
						<line hits="1" number="464"/>
						<line hits="1" number="465"/>
						<line hits="1" number="466"/>
						<line hits="1" number="467"/>
						<line hits="1" number="468"/>
						<line hits="1" number="469"/>
						<line hits="1" number="470"/>
						<line hits="1" number="471"/>
						<line hits="1" number="472"/>
						<line hits="1" number="473"/>
						<line hits="1" number="474"/>
						<line hits="1" number="476"/>
						<line hits="1" number="477"/>
						<line hits="1" number="479"/>
						<line branch="true" condition-coverage="50% (1/2)" hits="1" missing-branches="492" number="480"/>
						<line branch="true" condition-coverage="100% (2/2)" hits="1" number="481"/>
						<line hits="1" number="482"/>
						<line hits="1" number="483"/>
						<line hits="1" number="484"/>
						<line hits="1" number="485"/>
						<line hits="1" number="486"/>
						<line hits="1" number="487"/>
						<line hits="1" number="488"/>
						<line hits="1" number="490"/>
						<line hits="0" number="492"/>
						<line hits="0" number="493"/>
						<line hits="0" number="495"/>
						<line hits="0" number="496"/>
						<line hits="0" number="497"/>
						<line hits="1" number="499"/>
						<line hits="0" number="501"/>
						<line hits="0" number="503"/>
						<line hits="1" number="505"/>
						<line hits="0" number="506"/>
						<line hits="0" number="507"/>
						<line hits="0" number="508"/>
						<line hits="0" number="509"/>
						<line hits="0" number="510"/>
						<line hits="0" number="511"/>
						<line hits="1" number="513"/>
						<line hits="0" number="515"/>
						<line hits="0" number="516"/>
						<line hits="0" number="517"/>
						<line hits="0" number="518"/>
						<line hits="0" number="519"/>
						<line hits="0" number="520"/>
						<line hits="0" number="521"/>
						<line hits="1" number="523"/>
						<line hits="0" number="525"/>
						<line hits="0" number="526"/>
						<line hits="0" number="527"/>
						<line hits="0" number="528"/>
						<line hits="0" number="530"/>
						<line hits="0" number="531"/>
						<line hits="0" number="533"/>
						<line hits="0" number="534"/>
						<line hits="0" number="536"/>
						<line hits="1" number="538"/>
						<line hits="1" number="540"/>
						<line branch="true" condition-coverage="100% (2/2)" hits="1" number="542"/>
						<line hits="1" number="543"/>
						<line hits="1" number="544"/>
						<line hits="1" number="545"/>
						<line hits="1" number="546"/>
						<line hits="1" number="548"/>
						<line hits="1" number="549"/>
						<line hits="1" number="550"/>
						<line hits="1" number="551"/>
						<line branch="true" condition-coverage="100% (2/2)" hits="1" number="552"/>
						<line branch="true" condition-coverage="100% (2/2)" hits="1" number="553"/>
						<line hits="1" number="554"/>
						<line hits="1" number="555"/>
						<line hits="1" number="556"/>
						<line hits="1" number="558"/>
						<line hits="1" number="559"/>
						<line branch="true" condition-coverage="100% (2/2)" hits="1" number="561"/>
						<line branch="true" condition-coverage="50% (1/2)" hits="1" missing-branches="563" number="562"/>
						<line hits="0" number="563"/>
						<line hits="0" number="564"/>
						<line hits="0" number="565"/>
						<line hits="0" number="566"/>
						<line branch="true" condition-coverage="100% (2/2)" hits="1" number="568"/>
						<line hits="1" number="573"/>
						<line hits="1" number="575"/>
						<line branch="true" condition-coverage="100% (2/2)" hits="1" number="576"/>
						<line branch="true" condition-coverage="100% (2/2)" hits="1" number="577"/>
						<line branch="true" condition-coverage="100% (2/2)" hits="1" number="578"/>
						<line hits="1" number="579"/>
						<line hits="1" number="580"/>
						<line hits="1" number="581"/>
						<line hits="1" number="582"/>
						<line hits="1" number="583"/>
						<line branch="true" condition-coverage="50% (1/2)" hits="1" missing-branches="578" number="584"/>
						<line hits="1" number="585"/>
						<line hits="1" number="586"/>
						<line hits="1" number="588"/>
						<line branch="true" condition-coverage="100% (2/2)" hits="1" number="590"/>
						<line hits="1" number="591"/>
						<line branch="true" condition-coverage="100% (2/2)" hits="1" number="592"/>
						<line hits="1" number="601"/>
						<line branch="true" condition-coverage="100% (2/2)" hits="1" number="603"/>
						<line hits="1" number="604"/>
						<line hits="1" number="606"/>
						<line hits="1" number="608"/>
						<line hits="1" number="611"/>
						<line hits="1" number="612"/>
						<line hits="1" number="613"/>
						<line hits="1" number="614"/>
						<line hits="1" number="615"/>
						<line hits="1" number="617"/>
						<line hits="1" number="618"/>
						<line branch="true" condition-coverage="100% (2/2)" hits="1" number="619"/>
						<line hits="1" number="620"/>
						<line hits="1" number="621"/>
						<line hits="1" number="623"/>
						<line branch="true" condition-coverage="50% (1/2)" hits="1" missing-branches="625" number="624"/>
						<line hits="0" number="625"/>
						<line hits="0" number="626"/>
						<line branch="true" condition-coverage="0% (0/2)" hits="0" missing-branches="630,632" number="629"/>
						<line hits="0" number="630"/>
						<line hits="0" number="631"/>
						<line hits="0" number="632"/>
						<line hits="0" number="633"/>
						<line hits="0" number="634"/>
						<line branch="true" condition-coverage="100% (2/2)" hits="1" number="636"/>
						<line hits="1" number="637"/>
						<line hits="1" number="638"/>
						<line hits="1" number="639"/>
						<line branch="true" condition-coverage="50% (1/2)" hits="1" missing-branches="641" number="640"/>
						<line hits="0" number="641"/>
						<line hits="1" number="643"/>
						<line hits="1" number="644"/>
						<line branch="true" condition-coverage="100% (2/2)" hits="1" number="645"/>
						<line hits="1" number="646"/>
						<line branch="true" condition-coverage="100% (2/2)" hits="1" number="647"/>
						<line branch="true" condition-coverage="100% (2/2)" hits="1" number="648"/>
						<line hits="1" number="649"/>
						<line hits="1" number="652"/>
						<line hits="0" number="654"/>
						<line branch="true" condition-coverage="0% (0/2)" hits="0" missing-branches="656,658" number="655"/>
						<line hits="0" number="656"/>
						<line hits="0" number="657"/>
						<line hits="0" number="658"/>
						<line hits="1" number="660"/>
						<line hits="0" number="662"/>
						<line hits="0" number="663"/>
						<line hits="0" number="664"/>
						<line branch="true" condition-coverage="0% (0/2)" hits="0" missing-branches="exit,666" number="665"/>
						<line branch="true" condition-coverage="0% (0/2)" hits="0" missing-branches="exit,667" number="666"/>
						<line hits="0" number="667"/>
						<line hits="0" number="668"/>
						<line hits="1" number="670"/>
						<line hits="0" number="672"/>
						<line hits="0" number="673"/>
						<line branch="true" condition-coverage="0% (0/2)" hits="0" missing-branches="exit,675" number="674"/>
						<line hits="0" number="675"/>
						<line hits="0" number="676"/>
						<line hits="1" number="679"/>
						<line hits="1" number="685"/>
						<line hits="1" number="686"/>
						<line hits="1" number="688"/>
						<line branch="true" condition-coverage="100% (2/2)" hits="1" number="690"/>
						<line hits="1" number="691"/>
						<line hits="1" number="693"/>
						<line hits="1" number="695"/>
						<line hits="1" number="696"/>
						<line hits="1" number="697"/>
						<line hits="0" number="698"/>
						<line hits="0" number="699"/>
						<line hits="0" number="703"/>
						<line branch="true" condition-coverage="0% (0/2)" hits="0" missing-branches="705,708" number="704"/>
						<line hits="0" number="705"/>
						<line hits="0" number="708"/>
						<line branch="true" condition-coverage="0% (0/2)" hits="0" missing-branches="710,713" number="709"/>
						<line hits="0" number="710"/>
						<line branch="true" condition-coverage="0% (0/2)" hits="0" missing-branches="714,716" number="713"/>
						<line hits="0" number="714"/>
						<line hits="0" number="716"/>
						<line branch="true" condition-coverage="0% (0/2)" hits="0" missing-branches="718,722" number="717"/>
						<line hits="0" number="718"/>
						<line hits="0" number="719"/>
						<line hits="0" number="722"/>
						<line branch="true" condition-coverage="0% (0/2)" hits="0" missing-branches="exit,724" number="723"/>
						<line branch="true" condition-coverage="0% (0/2)" hits="0" missing-branches="725,733" number="724"/>
						<line branch="true" condition-coverage="0% (0/2)" hits="0" missing-branches="724,726" number="725"/>
						<line hits="0" number="726"/>
						<line hits="0" number="727"/>
						<line branch="true" condition-coverage="0% (0/2)" hits="0" missing-branches="724,729" number="728"/>
						<line hits="0" number="729"/>
						<line hits="0" number="730"/>
						<line hits="0" number="733"/>
						<line hits="0" number="734"/>
						<line hits="0" number="735"/>
						<line hits="0" number="736"/>
						<line hits="0" number="739"/>
						<line branch="true" condition-coverage="0% (0/2)" hits="0" missing-branches="exit,741" number="740"/>
						<line hits="0" number="741"/>
						<line hits="0" number="742"/>
						<line hits="0" number="743"/>
						<line hits="0" number="748"/>
						<line hits="0" number="752"/>
						<line hits="0" number="753"/>
						<line branch="true" condition-coverage="0% (0/2)" hits="0" missing-branches="755,758" number="754"/>
						<line hits="0" number="755"/>
						<line hits="0" number="756"/>
						<line hits="0" number="757"/>
						<line branch="true" condition-coverage="0% (0/2)" hits="0" missing-branches="759,763" number="758"/>
						<line hits="0" number="759"/>
						<line hits="0" number="760"/>
						<line hits="0" number="761"/>
						<line hits="0" number="763"/>
						<line hits="1" number="766"/>
						<line hits="1" number="767"/>
						<line hits="1" number="768"/>
						<line hits="1" number="769"/>
						<line hits="1" number="770"/>
						<line hits="1" number="771"/>
						<line hits="1" number="773"/>
						<line hits="1" number="774"/>
						<line branch="true" condition-coverage="100% (2/2)" hits="1" number="775"/>
						<line branch="true" condition-coverage="100% (2/2)" hits="1" number="776"/>
						<line hits="1" number="777"/>
						<line hits="1" number="779"/>
						<line hits="1" number="781"/>
						<line hits="1" number="783"/>
						<line branch="true" condition-coverage="100% (2/2)" hits="1" number="784"/>
						<line hits="1" number="785"/>
						<line branch="true" condition-coverage="100% (2/2)" hits="1" number="786"/>
						<line hits="1" number="787"/>
						<line hits="1" number="790"/>
						<line hits="1" number="791"/>
						<line hits="1" number="792"/>
						<line hits="1" number="793"/>
						<line hits="1" number="794"/>
						<line hits="1" number="795"/>
						<line hits="1" number="796"/>
						<line hits="1" number="798"/>
						<line hits="1" number="799"/>
						<line branch="true" condition-coverage="100% (2/2)" hits="1" number="800"/>
						<line branch="true" condition-coverage="100% (2/2)" hits="1" number="801"/>
						<line hits="1" number="802"/>
						<line hits="1" number="804"/>
						<line hits="1" number="806"/>
						<line hits="1" number="808"/>
						<line branch="true" condition-coverage="100% (2/2)" hits="1" number="809"/>
						<line hits="1" number="810"/>
						<line branch="true" condition-coverage="100% (2/2)" hits="1" number="811"/>
						<line hits="1" number="812"/>
					</lines>
				</class>
				<class branch-rate="1" complexity="0" filename="test/utxolocks_test.py" line-rate="1" name="utxolocks_test.py">
					<methods/>
					<lines>
						<line hits="1" number="2"/>
						<line hits="1" number="3"/>
						<line hits="1" number="4"/>
						<line hits="1" number="5"/>
						<line hits="1" number="6"/>
						<line hits="1" number="8"/>
						<line hits="1" number="9"/>
						<line hits="1" number="11"/>
						<line hits="1" number="12"/>
						<line hits="1" number="15"/>
						<line hits="1" number="16"/>
						<line hits="1" number="17"/>
						<line hits="1" number="22"/>
						<line hits="1" number="23"/>
						<line hits="1" number="24"/>
						<line hits="1" number="27"/>
						<line hits="1" number="28"/>
						<line hits="1" number="31"/>
						<line hits="1" number="32"/>
						<line hits="1" number="34"/>
						<line hits="1" number="35"/>
						<line hits="1" number="37"/>
						<line hits="1" number="38"/>
						<line hits="1" number="40"/>
						<line hits="1" number="43"/>
						<line hits="1" number="44"/>
						<line hits="1" number="47"/>
						<line hits="1" number="57"/>
						<line hits="1" number="58"/>
						<line hits="1" number="60"/>
						<line hits="1" number="61"/>
						<line hits="1" number="63"/>
						<line hits="1" number="64"/>
						<line hits="1" number="66"/>
						<line hits="1" number="69"/>
						<line hits="1" number="70"/>
						<line hits="1" number="73"/>
						<line hits="1" number="74"/>
						<line hits="1" number="76"/>
						<line hits="1" number="77"/>
						<line hits="1" number="79"/>
						<line hits="1" number="80"/>
						<line hits="1" number="82"/>
					</lines>
				</class>
			</classes>
		</package>
		<package branch-rate="1" complexity="0" line-rate="1" name="test.fixtures">
			<classes>
				<class branch-rate="1" complexity="0" filename="test/fixtures/__init__.py" line-rate="1" name="__init__.py">
					<methods/>
					<lines/>
				</class>
				<class branch-rate="1" complexity="0" filename="test/fixtures/params.py" line-rate="1" name="params.py">
					<methods/>
					<lines>
						<line hits="1" number="5"/>
						<line hits="1" number="8"/>
						<line branch="true" condition-coverage="100% (2/2)" hits="1" number="34"/>
						<line branch="true" condition-coverage="100% (2/2)" hits="1" number="35"/>
						<line branch="true" condition-coverage="100% (2/2)" hits="1" number="36"/>
						<line branch="true" condition-coverage="100% (2/2)" hits="1" number="37"/>
						<line hits="1" number="38"/>
						<line hits="1" number="39"/>
						<line hits="1" number="58"/>
						<line hits="1" number="63"/>
					</lines>
				</class>
				<class branch-rate="1" complexity="0" filename="test/fixtures/scenarios.py" line-rate="1" name="scenarios.py">
					<methods/>
					<lines>
						<line hits="1" number="30"/>
						<line hits="1" number="31"/>
						<line hits="1" number="32"/>
						<line hits="1" number="34"/>
						<line hits="1" number="115"/>
						<line hits="1" number="119"/>
						<line hits="1" number="121"/>
						<line hits="1" number="149"/>
						<line hits="1" number="194"/>
						<line branch="true" condition-coverage="100% (2/2)" hits="1" number="199"/>
						<line hits="1" number="200"/>
					</lines>
				</class>
				<class branch-rate="1" complexity="0" filename="test/fixtures/vectors.py" line-rate="1" name="vectors.py">
					<methods/>
					<lines>
						<line hits="1" number="11"/>
						<line hits="1" number="12"/>
						<line hits="1" number="14"/>
						<line hits="1" number="16"/>
						<line hits="1" number="18"/>
						<line hits="1" number="19"/>
						<line hits="1" number="20"/>
						<line hits="1" number="21"/>
						<line hits="1" number="22"/>
						<line hits="1" number="23"/>
						<line hits="1" number="24"/>
						<line hits="1" number="25"/>
						<line hits="1" number="27"/>
					</lines>
				</class>
			</classes>
		</package>
	</packages>
</coverage>
